Determining if the pthread_create exist failed with the following output:
Change Dir: /homes/c/chaud482/workspace/ece1718_milestone2design2/src/build/CMakeFiles/CMakeTmp

Run Build Command:"/usr/bin/make" "cmTC_c8570/fast"
/usr/bin/make -f CMakeFiles/cmTC_c8570.dir/build.make CMakeFiles/cmTC_c8570.dir/build
make[1]: Entering directory '/nfs/ug/homes-2/c/chaud482/workspace/ece1718_milestone2design2/src/build/CMakeFiles/CMakeTmp'
Building C object CMakeFiles/cmTC_c8570.dir/CheckSymbolExists.c.o
/usr/bin/cc     -o CMakeFiles/cmTC_c8570.dir/CheckSymbolExists.c.o   -c /homes/c/chaud482/workspace/ece1718_milestone2design2/src/build/CMakeFiles/CMakeTmp/CheckSymbolExists.c
Linking C executable cmTC_c8570
/usr/bin/cmake -E cmake_link_script CMakeFiles/cmTC_c8570.dir/link.txt --verbose=1
/usr/bin/cc       CMakeFiles/cmTC_c8570.dir/CheckSymbolExists.c.o  -o cmTC_c8570 -rdynamic 
CMakeFiles/cmTC_c8570.dir/CheckSymbolExists.c.o: In function `main':
CheckSymbolExists.c:(.text+0x1b): undefined reference to `pthread_create'
collect2: error: ld returned 1 exit status
CMakeFiles/cmTC_c8570.dir/build.make:97: recipe for target 'cmTC_c8570' failed
make[1]: *** [cmTC_c8570] Error 1
make[1]: Leaving directory '/nfs/ug/homes-2/c/chaud482/workspace/ece1718_milestone2design2/src/build/CMakeFiles/CMakeTmp'
Makefile:126: recipe for target 'cmTC_c8570/fast' failed
make: *** [cmTC_c8570/fast] Error 2

File /homes/c/chaud482/workspace/ece1718_milestone2design2/src/build/CMakeFiles/CMakeTmp/CheckSymbolExists.c:
/* */
#include <pthread.h>

int main(int argc, char** argv)
{
  (void)argv;
#ifndef pthread_create
  return ((int*)(&pthread_create))[argc];
#else
  (void)argc;
  return 0;
#endif
}

Determining if the function pthread_create exists in the pthreads failed with the following output:
Change Dir: /homes/c/chaud482/workspace/ece1718_milestone2design2/src/build/CMakeFiles/CMakeTmp

Run Build Command:"/usr/bin/make" "cmTC_d06a4/fast"
/usr/bin/make -f CMakeFiles/cmTC_d06a4.dir/build.make CMakeFiles/cmTC_d06a4.dir/build
make[1]: Entering directory '/nfs/ug/homes-2/c/chaud482/workspace/ece1718_milestone2design2/src/build/CMakeFiles/CMakeTmp'
Building C object CMakeFiles/cmTC_d06a4.dir/CheckFunctionExists.c.o
/usr/bin/cc    -DCHECK_FUNCTION_EXISTS=pthread_create   -o CMakeFiles/cmTC_d06a4.dir/CheckFunctionExists.c.o   -c /usr/share/cmake-3.7/Modules/CheckFunctionExists.c
Linking C executable cmTC_d06a4
/usr/bin/cmake -E cmake_link_script CMakeFiles/cmTC_d06a4.dir/link.txt --verbose=1
/usr/bin/cc   -DCHECK_FUNCTION_EXISTS=pthread_create    CMakeFiles/cmTC_d06a4.dir/CheckFunctionExists.c.o  -o cmTC_d06a4 -rdynamic -lpthreads 
/usr/bin/ld: cannot find -lpthreads
collect2: error: ld returned 1 exit status
CMakeFiles/cmTC_d06a4.dir/build.make:97: recipe for target 'cmTC_d06a4' failed
make[1]: *** [cmTC_d06a4] Error 1
make[1]: Leaving directory '/nfs/ug/homes-2/c/chaud482/workspace/ece1718_milestone2design2/src/build/CMakeFiles/CMakeTmp'
Makefile:126: recipe for target 'cmTC_d06a4/fast' failed
make: *** [cmTC_d06a4/fast] Error 2


